[2021-04-05 01:58:49.921][mysql][000028][MYSQL][]
SHOW VARIABLES LIKE 'lower_case_%'; SHOW VARIABLES LIKE 'sql_mode'; SELECT COUNT(*) AS support_ndb FROM information_schema.ENGINES WHERE Engine = 'ndbcluster'

[2021-04-05 01:58:49.954][mysql][000028][MYSQL][]
SELECT SCHEMA_NAME, DEFAULT_CHARACTER_SET_NAME, DEFAULT_COLLATION_NAME FROM information_schema.SCHEMATA

[2021-04-05 01:58:52.659][mysql][000028][MYSQL][]
SELECT COUNT(*) FROM information_schema.TABLES WHERE TABLE_SCHEMA = 'ppbs' UNION SELECT COUNT(*) FROM information_schema.COLUMNS WHERE TABLE_SCHEMA = 'ppbs' UNION SELECT COUNT(*) FROM information_schema.ROUTINES WHERE ROUTINE_SCHEMA = 'ppbs'

[2021-04-05 01:58:52.671][mysql][000029][MYSQL][]
SHOW FULL TABLES WHERE Table_type != 'VIEW'

[2021-04-05 01:58:52.675][mysql][000029][MYSQL][]
SHOW TABLE STATUS

[2021-04-05 01:58:52.682][mysql][000028][MYSQL][]
SELECT TABLE_SCHEMA, TABLE_NAME, TABLE_TYPE FROM information_schema.TABLES WHERE TABLE_SCHEMA = 'ppbs' ORDER BY TABLE_SCHEMA, TABLE_TYPE

[2021-04-05 01:58:52.683][mysql][000028][MYSQL][]
SELECT TABLE_SCHEMA, TABLE_NAME, COLUMN_NAME, COLUMN_TYPE FROM information_schema.COLUMNS WHERE TABLE_SCHEMA = 'ppbs' ORDER BY TABLE_SCHEMA, TABLE_NAME

[2021-04-05 01:58:52.684][mysql][000028][MYSQL][]
SELECT DISTINCT ROUTINE_SCHEMA, ROUTINE_NAME, PARAMS.PARAMETER FROM information_schema.ROUTINES LEFT JOIN ( SELECT SPECIFIC_SCHEMA, SPECIFIC_NAME, GROUP_CONCAT(CONCAT(DATA_TYPE, ' ', PARAMETER_NAME) ORDER BY ORDINAL_POSITION SEPARATOR ', ') PARAMETER, ROUTINE_TYPE FROM information_schema.PARAMETERS GROUP BY SPECIFIC_SCHEMA, SPECIFIC_NAME, ROUTINE_TYPE ) PARAMS ON ROUTINES.ROUTINE_SCHEMA = PARAMS.SPECIFIC_SCHEMA AND ROUTINES.ROUTINE_NAME = PARAMS.SPECIFIC_NAME AND ROUTINES.ROUTINE_TYPE = PARAMS.ROUTINE_TYPE WHERE ROUTINE_SCHEMA = 'ppbs' ORDER BY ROUTINE_SCHEMA

[2021-04-05 01:58:55.218][mysql][000028][MYSQL][]
SELECT * FROM `ppbs`.`user` LIMIT 0,1000

[2021-04-05 01:58:55.219][mysql][000029][MYSQL][]
SHOW COLUMNS FROM `ppbs`.`user`

[2021-04-05 01:58:55.221][mysql][000028][MYSQL][]
SHOW TABLE STATUS LIKE 'user'

[2021-04-05 01:58:55.222][mysql][000028][MYSQL][]
SHOW CREATE TABLE `ppbs`.`user`

[2021-04-05 01:59:02.891][mysql][000028][MYSQL][]
DELETE FROM `ppbs`.`user` WHERE `userid` = 3

[2021-04-05 13:48:33.886][mysql][000028][MYSQL][]
SHOW VARIABLES LIKE 'lower_case_%'; SHOW VARIABLES LIKE 'sql_mode'; SELECT COUNT(*) AS support_ndb FROM information_schema.ENGINES WHERE Engine = 'ndbcluster'

[2021-04-05 13:48:33.891][mysql][000028][MYSQL][]
SELECT SCHEMA_NAME, DEFAULT_CHARACTER_SET_NAME, DEFAULT_COLLATION_NAME FROM information_schema.SCHEMATA

[2021-04-05 13:48:33.972][mysql][000028][MYSQL][]
SHOW FULL TABLES WHERE Table_type != 'VIEW'

[2021-04-05 13:48:33.974][mysql][000028][MYSQL][]
SELECT TABLE_NAME, CHECK_OPTION, IS_UPDATABLE, SECURITY_TYPE, DEFINER FROM INFORMATION_SCHEMA.VIEWS WHERE TABLE_SCHEMA = 'ppbs' ORDER BY TABLE_NAME ASC

[2021-04-05 13:49:04.091][mysql][000028][MYSQL][]
SET PROFILING = 1

[2021-04-05 13:49:04.092][mysql][000028][MYSQL][]
SHOW STATUS

[2021-04-05 13:49:04.148][mysql][000028][MYSQL][]
SHOW STATUS

[2021-04-05 13:49:04.153][mysql][000028][MYSQL][]
seletc * from user

[2021-04-05 13:49:04.154][mysql][000028][MYSQL][]
You have an error in your SQL syntax; check the manual that corresponds to your MySQL server version for the right syntax to use near 'seletc * from user' at line 1

[2021-04-05 13:49:22.686][mysql][000028][MYSQL][]
SET PROFILING = 1

[2021-04-05 13:49:22.687][mysql][000028][MYSQL][]
SHOW STATUS

[2021-04-05 13:49:22.692][mysql][000028][MYSQL][]
SHOW STATUS

[2021-04-05 13:49:22.698][mysql][000028][MYSQL][]
select * from user

[2021-04-05 13:49:22.699][mysql][000029][MYSQL][]
SELECT * FROM `ppbs`.`user` LIMIT 0

[2021-04-05 13:49:22.7][mysql][000029][MYSQL][]
SHOW COLUMNS FROM `ppbs`.`user`

[2021-04-05 13:49:22.702][mysql][000028][MYSQL][]
SHOW STATUS

[2021-04-05 13:49:22.707][mysql][000028][MYSQL][]
SELECT QUERY_ID, SUM(DURATION) AS SUM_DURATION FROM INFORMATION_SCHEMA.PROFILING GROUP BY QUERY_ID

[2021-04-05 13:49:22.708][mysql][000028][MYSQL][]
SELECT STATE AS `Status`, ROUND(SUM(DURATION),7) AS `Duration`, CONCAT(ROUND(SUM(DURATION)/0.000621*100,3), '') AS `Percentage` FROM INFORMATION_SCHEMA.PROFILING WHERE QUERY_ID=2 GROUP BY SEQ, STATE ORDER BY SEQ

[2021-04-05 14:12:39.55][mysql][000029][MYSQL][]
SELECT * FROM `ppbs`.`app` LIMIT 0,1000

[2021-04-05 14:12:39.552][mysql][000110][MYSQL][]
SHOW COLUMNS FROM `ppbs`.`app`

[2021-04-05 14:12:39.554][mysql][000029][MYSQL][]
SHOW TABLE STATUS LIKE 'app'

[2021-04-05 14:12:39.556][mysql][000029][MYSQL][]
SHOW CREATE TABLE `ppbs`.`app`

[2021-04-05 14:16:30.466][mysql][000028][MYSQL][]
SET PROFILING = 1

[2021-04-05 14:16:30.467][mysql][000028][MYSQL][]
SHOW STATUS

[2021-04-05 14:16:30.472][mysql][000028][MYSQL][]
SHOW STATUS

[2021-04-05 14:16:30.477][mysql][000028][MYSQL][]
SELECT * FROM app where type>=0

[2021-04-05 14:16:30.478][mysql][000029][MYSQL][]
SELECT * FROM `ppbs`.`app` LIMIT 0

[2021-04-05 14:16:30.478][mysql][000029][MYSQL][]
SHOW COLUMNS FROM `ppbs`.`app`

[2021-04-05 14:16:30.479][mysql][000028][MYSQL][]
SHOW STATUS

[2021-04-05 14:16:30.485][mysql][000028][MYSQL][]
SELECT QUERY_ID, SUM(DURATION) AS SUM_DURATION FROM INFORMATION_SCHEMA.PROFILING GROUP BY QUERY_ID

[2021-04-05 14:16:30.485][mysql][000028][MYSQL][]
SELECT STATE AS `Status`, ROUND(SUM(DURATION),7) AS `Duration`, CONCAT(ROUND(SUM(DURATION)/0.000621*100,3), '') AS `Percentage` FROM INFORMATION_SCHEMA.PROFILING WHERE QUERY_ID=2 GROUP BY SEQ, STATE ORDER BY SEQ

[2021-04-05 14:17:37.37][mysql][000028][MYSQL][]
SET PROFILING = 1

[2021-04-05 14:17:37.371][mysql][000028][MYSQL][]
SHOW STATUS

[2021-04-05 14:17:37.376][mysql][000028][MYSQL][]
SHOW STATUS

[2021-04-05 14:17:37.382][mysql][000028][MYSQL][]
SELECT * FROM app where type>=1

[2021-04-05 14:17:37.382][mysql][000029][MYSQL][]
SELECT * FROM `ppbs`.`app` LIMIT 0

[2021-04-05 14:17:37.383][mysql][000029][MYSQL][]
SHOW COLUMNS FROM `ppbs`.`app`

[2021-04-05 14:17:37.384][mysql][000028][MYSQL][]
SHOW STATUS

[2021-04-05 14:17:37.389][mysql][000028][MYSQL][]
SELECT QUERY_ID, SUM(DURATION) AS SUM_DURATION FROM INFORMATION_SCHEMA.PROFILING GROUP BY QUERY_ID

[2021-04-05 14:17:37.39][mysql][000028][MYSQL][]
SELECT STATE AS `Status`, ROUND(SUM(DURATION),7) AS `Duration`, CONCAT(ROUND(SUM(DURATION)/0.000794*100,3), '') AS `Percentage` FROM INFORMATION_SCHEMA.PROFILING WHERE QUERY_ID=9 GROUP BY SEQ, STATE ORDER BY SEQ

[2021-04-05 14:17:44.516][mysql][000028][MYSQL][]
SET PROFILING = 1

[2021-04-05 14:17:44.516][mysql][000028][MYSQL][]
SHOW STATUS

[2021-04-05 14:17:44.522][mysql][000028][MYSQL][]
SHOW STATUS

[2021-04-05 14:17:44.527][mysql][000028][MYSQL][]
SELECT * FROM app where type>=0

[2021-04-05 14:17:44.528][mysql][000029][MYSQL][]
SELECT * FROM `ppbs`.`app` LIMIT 0

[2021-04-05 14:17:44.528][mysql][000029][MYSQL][]
SHOW COLUMNS FROM `ppbs`.`app`

[2021-04-05 14:17:44.529][mysql][000028][MYSQL][]
SHOW STATUS

[2021-04-05 14:17:44.534][mysql][000028][MYSQL][]
SELECT QUERY_ID, SUM(DURATION) AS SUM_DURATION FROM INFORMATION_SCHEMA.PROFILING GROUP BY QUERY_ID

[2021-04-05 14:17:44.535][mysql][000028][MYSQL][]
SELECT STATE AS `Status`, ROUND(SUM(DURATION),7) AS `Duration`, CONCAT(ROUND(SUM(DURATION)/0.000514*100,3), '') AS `Percentage` FROM INFORMATION_SCHEMA.PROFILING WHERE QUERY_ID=16 GROUP BY SEQ, STATE ORDER BY SEQ

[2021-04-05 14:20:58.478][mysql][000028][MYSQL][]
SET PROFILING = 1

[2021-04-05 14:20:58.479][mysql][000028][MYSQL][]
SHOW STATUS

[2021-04-05 14:20:58.484][mysql][000028][MYSQL][]
SHOW STATUS

[2021-04-05 14:20:58.489][mysql][000028][MYSQL][]
SELECT * FROM app where type>=0

[2021-04-05 14:20:58.49][mysql][000029][MYSQL][]
SELECT * FROM `ppbs`.`app` LIMIT 0

[2021-04-05 14:20:58.49][mysql][000029][MYSQL][]
SHOW COLUMNS FROM `ppbs`.`app`

[2021-04-05 14:20:58.491][mysql][000028][MYSQL][]
SHOW STATUS

[2021-04-05 14:20:58.496][mysql][000028][MYSQL][]
SELECT QUERY_ID, SUM(DURATION) AS SUM_DURATION FROM INFORMATION_SCHEMA.PROFILING GROUP BY QUERY_ID

[2021-04-05 14:20:58.497][mysql][000028][MYSQL][]
SELECT STATE AS `Status`, ROUND(SUM(DURATION),7) AS `Duration`, CONCAT(ROUND(SUM(DURATION)/0.000525*100,3), '') AS `Percentage` FROM INFORMATION_SCHEMA.PROFILING WHERE QUERY_ID=23 GROUP BY SEQ, STATE ORDER BY SEQ

[2021-04-05 14:27:49.557][mysql][000029][MYSQL][]
INSERT INTO `ppbs`.`app` (`name`) VALUES ('页面7')

[2021-04-05 14:27:49.614][mysql][000029][MYSQL][]
SELECT * FROM `ppbs`.`app` WHERE `id` = 7

[2021-04-05 14:27:56.864][mysql][000029][MYSQL][]
UPDATE `ppbs`.`app` SET `router` = 'router7' WHERE `id` = 7

[2021-04-05 14:27:56.925][mysql][000029][MYSQL][]
SELECT * FROM `ppbs`.`app` WHERE `id` = 7

[2021-04-05 14:36:30.908][mysql][000028][MYSQL][]
SET PROFILING = 1

[2021-04-05 14:36:30.909][mysql][000028][MYSQL][]
SHOW STATUS

[2021-04-05 14:36:30.914][mysql][000028][MYSQL][]
SHOW STATUS

[2021-04-05 14:36:30.92][mysql][000028][MYSQL][]
SELECT * FROM app where type>=0 or type=null

[2021-04-05 14:36:30.92][mysql][000029][MYSQL][]
SELECT * FROM `ppbs`.`app` LIMIT 0

[2021-04-05 14:36:30.921][mysql][000029][MYSQL][]
SHOW COLUMNS FROM `ppbs`.`app`

[2021-04-05 14:36:30.975][mysql][000028][MYSQL][]
SHOW STATUS

[2021-04-05 14:36:30.98][mysql][000028][MYSQL][]
SELECT QUERY_ID, SUM(DURATION) AS SUM_DURATION FROM INFORMATION_SCHEMA.PROFILING GROUP BY QUERY_ID

[2021-04-05 14:36:30.981][mysql][000028][MYSQL][]
SELECT STATE AS `Status`, ROUND(SUM(DURATION),7) AS `Duration`, CONCAT(ROUND(SUM(DURATION)/0.000506*100,3), '') AS `Percentage` FROM INFORMATION_SCHEMA.PROFILING WHERE QUERY_ID=30 GROUP BY SEQ, STATE ORDER BY SEQ

[2021-04-05 14:36:45.357][mysql][000028][MYSQL][]
SET PROFILING = 1

[2021-04-05 14:36:45.358][mysql][000028][MYSQL][]
SHOW STATUS

[2021-04-05 14:36:45.363][mysql][000028][MYSQL][]
SHOW STATUS

[2021-04-05 14:36:45.368][mysql][000028][MYSQL][]
SELECT * FROM app where type=1 or type=null

[2021-04-05 14:36:45.369][mysql][000029][MYSQL][]
SELECT * FROM `ppbs`.`app` LIMIT 0

[2021-04-05 14:36:45.369][mysql][000029][MYSQL][]
SHOW COLUMNS FROM `ppbs`.`app`

[2021-04-05 14:36:45.37][mysql][000028][MYSQL][]
SHOW STATUS

[2021-04-05 14:36:45.376][mysql][000028][MYSQL][]
SELECT QUERY_ID, SUM(DURATION) AS SUM_DURATION FROM INFORMATION_SCHEMA.PROFILING GROUP BY QUERY_ID

[2021-04-05 14:36:45.376][mysql][000028][MYSQL][]
SELECT STATE AS `Status`, ROUND(SUM(DURATION),7) AS `Duration`, CONCAT(ROUND(SUM(DURATION)/0.000515*100,3), '') AS `Percentage` FROM INFORMATION_SCHEMA.PROFILING WHERE QUERY_ID=37 GROUP BY SEQ, STATE ORDER BY SEQ

[2021-04-05 14:36:52.236][mysql][000028][MYSQL][]
SET PROFILING = 1

[2021-04-05 14:36:52.237][mysql][000028][MYSQL][]
SHOW STATUS

[2021-04-05 14:36:52.242][mysql][000028][MYSQL][]
SHOW STATUS

[2021-04-05 14:36:52.247][mysql][000028][MYSQL][]
SELECT * FROM app where type=1 or type is null

[2021-04-05 14:36:52.248][mysql][000029][MYSQL][]
SELECT * FROM `ppbs`.`app` LIMIT 0

[2021-04-05 14:36:52.248][mysql][000029][MYSQL][]
SHOW COLUMNS FROM `ppbs`.`app`

[2021-04-05 14:36:52.249][mysql][000028][MYSQL][]
SHOW STATUS

[2021-04-05 14:36:52.254][mysql][000028][MYSQL][]
SELECT QUERY_ID, SUM(DURATION) AS SUM_DURATION FROM INFORMATION_SCHEMA.PROFILING GROUP BY QUERY_ID

[2021-04-05 14:36:52.255][mysql][000028][MYSQL][]
SELECT STATE AS `Status`, ROUND(SUM(DURATION),7) AS `Duration`, CONCAT(ROUND(SUM(DURATION)/0.000515*100,3), '') AS `Percentage` FROM INFORMATION_SCHEMA.PROFILING WHERE QUERY_ID=44 GROUP BY SEQ, STATE ORDER BY SEQ

[2021-04-05 16:15:35.819][mysql][000029][MYSQL][]
SHOW TABLE STATUS LIKE 'user'

[2021-04-05 16:15:35.822][mysql][000029][MYSQL][]
SHOW CREATE TABLE `user` 

[2021-04-05 16:15:35.824][mysql][000029][MYSQL][]
SHOW FULL COLUMNS FROM `user`

[2021-04-05 16:15:35.826][mysql][000029][MYSQL][]
SHOW INDEX FROM `user`

[2021-04-05 16:15:35.85][mysql][000029][MYSQL][]
SELECT ACTION_ORDER, EVENT_OBJECT_TABLE, TRIGGER_NAME, EVENT_MANIPULATION, EVENT_OBJECT_TABLE, DEFINER, ACTION_STATEMENT, ACTION_TIMING FROM information_schema.triggers WHERE BINARY event_object_schema = 'ppbs' AND BINARY event_object_table = 'user' ORDER BY event_object_table

[2021-04-05 16:15:35.853][mysql][000029][MYSQL][]
SELECT TABLE_NAME, PARTITION_NAME, SUBPARTITION_NAME, PARTITION_METHOD, SUBPARTITION_METHOD, PARTITION_EXPRESSION, SUBPARTITION_EXPRESSION, PARTITION_DESCRIPTION, PARTITION_COMMENT, NODEGROUP, TABLESPACE_NAME FROM information_schema.PARTITIONS WHERE NOT ISNULL(PARTITION_NAME) AND TABLE_SCHEMA LIKE 'ppbs' AND TABLE_NAME LIKE 'user' ORDER BY TABLE_NAME, PARTITION_NAME, PARTITION_ORDINAL_POSITION, SUBPARTITION_ORDINAL_POSITION

[2021-04-05 16:15:35.862][mysql][000029][MYSQL][]
SHOW CHARACTER SET

[2021-04-05 16:15:35.887][mysql][000029][MYSQL][]
SELECT SCHEMA_NAME, DEFAULT_CHARACTER_SET_NAME, DEFAULT_COLLATION_NAME FROM information_schema.SCHEMATA

[2021-04-05 16:15:35.889][mysql][000029][MYSQL][]
SHOW ENGINES

[2021-04-05 16:15:35.907][mysql][000029][MYSQL][]
SELECT DISTINCT(TABLESPACE_NAME) AS TABLESPACE_NAME FROM information_schema.FILES WHERE NOT ISNULL(TABLESPACE_NAME) LIMIT 10000

[2021-04-05 16:15:35.949][mysql][000029][MYSQL][]
SHOW COLLATION

[2021-04-05 16:18:03.772][mysql][000029][MYSQL][]
ALTER TABLE `ppbs`.`user` 
ADD COLUMN `audit` varchar(255) NULL AFTER `usertype`,
ADD COLUMN `date` timestamp NULL AFTER `audit`

[2021-04-05 16:18:03.824][mysql][000029][MYSQL][]
SHOW FULL TABLES WHERE Table_type != 'VIEW'

[2021-04-05 16:18:03.826][mysql][000029][MYSQL][]
SHOW TABLE STATUS LIKE 'user'

[2021-04-05 16:18:03.827][mysql][000029][MYSQL][]
SHOW CREATE TABLE `user` 

[2021-04-05 16:18:03.828][mysql][000029][MYSQL][]
SHOW FULL COLUMNS FROM `user`

[2021-04-05 16:18:03.829][mysql][000029][MYSQL][]
SHOW INDEX FROM `user`

[2021-04-05 16:18:03.83][mysql][000029][MYSQL][]
SELECT ACTION_ORDER, EVENT_OBJECT_TABLE, TRIGGER_NAME, EVENT_MANIPULATION, EVENT_OBJECT_TABLE, DEFINER, ACTION_STATEMENT, ACTION_TIMING FROM information_schema.triggers WHERE BINARY event_object_schema = 'ppbs' AND BINARY event_object_table = 'user' ORDER BY event_object_table

[2021-04-05 16:18:03.831][mysql][000029][MYSQL][]
SELECT TABLE_NAME, PARTITION_NAME, SUBPARTITION_NAME, PARTITION_METHOD, SUBPARTITION_METHOD, PARTITION_EXPRESSION, SUBPARTITION_EXPRESSION, PARTITION_DESCRIPTION, PARTITION_COMMENT, NODEGROUP, TABLESPACE_NAME FROM information_schema.PARTITIONS WHERE NOT ISNULL(PARTITION_NAME) AND TABLE_SCHEMA LIKE 'ppbs' AND TABLE_NAME LIKE 'user' ORDER BY TABLE_NAME, PARTITION_NAME, PARTITION_ORDINAL_POSITION, SUBPARTITION_ORDINAL_POSITION

[2021-04-05 16:19:49.888][mysql][000029][MYSQL][]
ALTER TABLE `ppbs`.`user` 
MODIFY COLUMN `audit` int NULL DEFAULT 0 AFTER `usertype`

[2021-04-05 16:19:50.163][mysql][000029][MYSQL][]
SHOW FULL TABLES WHERE Table_type != 'VIEW'

[2021-04-05 16:19:50.165][mysql][000029][MYSQL][]
SHOW TABLE STATUS LIKE 'user'

[2021-04-05 16:19:50.166][mysql][000029][MYSQL][]
SHOW CREATE TABLE `user` 

[2021-04-05 16:19:50.167][mysql][000029][MYSQL][]
SHOW FULL COLUMNS FROM `user`

[2021-04-05 16:19:50.169][mysql][000029][MYSQL][]
SHOW INDEX FROM `user`

[2021-04-05 16:19:50.17][mysql][000029][MYSQL][]
SELECT ACTION_ORDER, EVENT_OBJECT_TABLE, TRIGGER_NAME, EVENT_MANIPULATION, EVENT_OBJECT_TABLE, DEFINER, ACTION_STATEMENT, ACTION_TIMING FROM information_schema.triggers WHERE BINARY event_object_schema = 'ppbs' AND BINARY event_object_table = 'user' ORDER BY event_object_table

[2021-04-05 16:19:50.171][mysql][000029][MYSQL][]
SELECT TABLE_NAME, PARTITION_NAME, SUBPARTITION_NAME, PARTITION_METHOD, SUBPARTITION_METHOD, PARTITION_EXPRESSION, SUBPARTITION_EXPRESSION, PARTITION_DESCRIPTION, PARTITION_COMMENT, NODEGROUP, TABLESPACE_NAME FROM information_schema.PARTITIONS WHERE NOT ISNULL(PARTITION_NAME) AND TABLE_SCHEMA LIKE 'ppbs' AND TABLE_NAME LIKE 'user' ORDER BY TABLE_NAME, PARTITION_NAME, PARTITION_ORDINAL_POSITION, SUBPARTITION_ORDINAL_POSITION

[2021-04-05 16:20:36.585][mysql][000028][MYSQL][]
SET PROFILING = 1

[2021-04-05 16:20:36.585][mysql][000028][MYSQL][]
SHOW STATUS

[2021-04-05 16:20:36.591][mysql][000028][MYSQL][]
SHOW STATUS

[2021-04-05 16:20:36.596][mysql][000028][MYSQL][]
SELECT * FROM app where type=1 or type is null

[2021-04-05 16:20:36.648][mysql][000029][MYSQL][]
SELECT * FROM `ppbs`.`app` LIMIT 0

[2021-04-05 16:20:36.648][mysql][000029][MYSQL][]
SHOW COLUMNS FROM `ppbs`.`app`

[2021-04-05 16:20:36.649][mysql][000028][MYSQL][]
SHOW STATUS

[2021-04-05 16:20:36.654][mysql][000028][MYSQL][]
SELECT QUERY_ID, SUM(DURATION) AS SUM_DURATION FROM INFORMATION_SCHEMA.PROFILING GROUP BY QUERY_ID

[2021-04-05 16:20:36.655][mysql][000028][MYSQL][]
SELECT STATE AS `Status`, ROUND(SUM(DURATION),7) AS `Duration`, CONCAT(ROUND(SUM(DURATION)/0.000489*100,3), '') AS `Percentage` FROM INFORMATION_SCHEMA.PROFILING WHERE QUERY_ID=51 GROUP BY SEQ, STATE ORDER BY SEQ

[2021-04-05 16:20:42.76][mysql][000028][MYSQL][]
SET PROFILING = 1

[2021-04-05 16:20:42.76][mysql][000028][MYSQL][]
SHOW STATUS

[2021-04-05 16:20:42.766][mysql][000028][MYSQL][]
SHOW STATUS

[2021-04-05 16:20:42.771][mysql][000028][MYSQL][]
select * from user

[2021-04-05 16:20:42.772][mysql][000029][MYSQL][]
SELECT * FROM `ppbs`.`user` LIMIT 0

[2021-04-05 16:20:42.773][mysql][000029][MYSQL][]
SHOW COLUMNS FROM `ppbs`.`user`

[2021-04-05 16:20:42.773][mysql][000028][MYSQL][]
SHOW STATUS

[2021-04-05 16:20:42.779][mysql][000028][MYSQL][]
SELECT QUERY_ID, SUM(DURATION) AS SUM_DURATION FROM INFORMATION_SCHEMA.PROFILING GROUP BY QUERY_ID

[2021-04-05 16:20:42.779][mysql][000028][MYSQL][]
SELECT STATE AS `Status`, ROUND(SUM(DURATION),7) AS `Duration`, CONCAT(ROUND(SUM(DURATION)/0.000528*100,3), '') AS `Percentage` FROM INFORMATION_SCHEMA.PROFILING WHERE QUERY_ID=58 GROUP BY SEQ, STATE ORDER BY SEQ

[2021-04-05 16:20:48.788][mysql][000028][MYSQL][]
UPDATE `ppbs`.`user` SET `audit` = 0 WHERE `userid` = 1

[2021-04-05 16:20:48.848][mysql][000028][MYSQL][]
SELECT * FROM `ppbs`.`user` WHERE `userid` = 1

[2021-04-05 16:20:51.773][mysql][000028][MYSQL][]
UPDATE `ppbs`.`user` SET `audit` = 0 WHERE `userid` = 2

[2021-04-05 16:20:51.825][mysql][000028][MYSQL][]
SELECT * FROM `ppbs`.`user` WHERE `userid` = 2

[2021-04-05 16:21:14.296][mysql][000028][MYSQL][]
UPDATE `ppbs`.`user` SET `audit` = 1, `date` = '2021-04-05 16:21:07' WHERE `userid` = 1

[2021-04-05 16:21:14.357][mysql][000028][MYSQL][]
SELECT * FROM `ppbs`.`user` WHERE `userid` = 1

[2021-04-05 16:21:19.515][mysql][000028][MYSQL][]
UPDATE `ppbs`.`user` SET `date` = '2021-04-05 16:21:15' WHERE `userid` = 2

[2021-04-05 16:21:19.576][mysql][000028][MYSQL][]
SELECT * FROM `ppbs`.`user` WHERE `userid` = 2

[2021-04-05 16:21:46.632][mysql][000028][MYSQL][]
SET PROFILING = 1

[2021-04-05 16:21:46.633][mysql][000028][MYSQL][]
SHOW STATUS

[2021-04-05 16:21:46.638][mysql][000028][MYSQL][]
SHOW STATUS

[2021-04-05 16:21:46.644][mysql][000028][MYSQL][]
SELECT * FROM app where (type=1 AND AUDIT=1) or type is null

[2021-04-05 16:21:46.644][mysql][000028][MYSQL][]
Unknown column 'AUDIT' in 'where clause'

[2021-04-05 16:22:08.706][mysql][000028][MYSQL][]
SET PROFILING = 1

[2021-04-05 16:22:08.706][mysql][000028][MYSQL][]
SHOW STATUS

[2021-04-05 16:22:08.712][mysql][000028][MYSQL][]
SHOW STATUS

[2021-04-05 16:22:08.717][mysql][000028][MYSQL][]
SELECT * FROM app

[2021-04-05 16:22:08.718][mysql][000029][MYSQL][]
SELECT * FROM `ppbs`.`app` LIMIT 0

[2021-04-05 16:22:08.718][mysql][000029][MYSQL][]
SHOW COLUMNS FROM `ppbs`.`app`

[2021-04-05 16:22:08.772][mysql][000028][MYSQL][]
SHOW STATUS

[2021-04-05 16:22:08.778][mysql][000028][MYSQL][]
SELECT QUERY_ID, SUM(DURATION) AS SUM_DURATION FROM INFORMATION_SCHEMA.PROFILING GROUP BY QUERY_ID

[2021-04-05 16:22:08.779][mysql][000028][MYSQL][]
SELECT STATE AS `Status`, ROUND(SUM(DURATION),7) AS `Duration`, CONCAT(ROUND(SUM(DURATION)/0.000209*100,3), '') AS `Percentage` FROM INFORMATION_SCHEMA.PROFILING WHERE QUERY_ID=77 GROUP BY SEQ, STATE ORDER BY SEQ

[2021-04-05 16:23:09.017][mysql][000028][MYSQL][]
SET PROFILING = 1

[2021-04-05 16:23:09.017][mysql][000028][MYSQL][]
SHOW STATUS

[2021-04-05 16:23:09.022][mysql][000028][MYSQL][]
SHOW STATUS

[2021-04-05 16:23:09.028][mysql][000028][MYSQL][]
select * from user

[2021-04-05 16:23:09.028][mysql][000029][MYSQL][]
SELECT * FROM `ppbs`.`user` LIMIT 0

[2021-04-05 16:23:09.029][mysql][000029][MYSQL][]
SHOW COLUMNS FROM `ppbs`.`user`

[2021-04-05 16:23:09.03][mysql][000028][MYSQL][]
SHOW STATUS

[2021-04-05 16:23:09.035][mysql][000028][MYSQL][]
SELECT QUERY_ID, SUM(DURATION) AS SUM_DURATION FROM INFORMATION_SCHEMA.PROFILING GROUP BY QUERY_ID

[2021-04-05 16:23:09.036][mysql][000028][MYSQL][]
SELECT STATE AS `Status`, ROUND(SUM(DURATION),7) AS `Duration`, CONCAT(ROUND(SUM(DURATION)/0.000877*100,3), '') AS `Percentage` FROM INFORMATION_SCHEMA.PROFILING WHERE QUERY_ID=84 GROUP BY SEQ, STATE ORDER BY SEQ

